<?xml version="1.0" encoding="UTF-8"?>
<!-- Generated by org.testng.reporters.JUnitXMLReporter -->
<testsuite hostname="LAPTOP-3F8AKDPU" ignored="0" name="Test" tests="8" failures="2" timestamp="24 Nov 2019 14:20:29 GMT" time="0.195" errors="0">
  <testcase name="Test1" time="0.056" classname="Testpackage.MyTest">
    <skipped/>
  </testcase> <!-- Test1 -->
  <testcase name="Test1" time="0.003" classname="Testpackage.MyTest">
    <skipped/>
  </testcase> <!-- Test1 -->
  <testcase name="Test1" time="0.003" classname="Testpackage.MyTest">
    <skipped/>
  </testcase> <!-- Test1 -->
  <testcase name="Test1" time="0.002" classname="Testpackage.MyTest">
    <failure type="java.lang.AssertionError" message="expected [true] but found [false]">
      <![CDATA[java.lang.AssertionError: expected [true] but found [false]
at Testpackage.MyTest.Test1(MyTest.java:12)
... Removed 31 stack frames]]>
    </failure>
  </testcase> <!-- Test1 -->
  <testcase name="Test2" time="0.007" classname="Testpackage.MyTest">
    <skipped/>
  </testcase> <!-- Test2 -->
  <testcase name="Test2" time="0.002" classname="Testpackage.MyTest">
    <skipped/>
  </testcase> <!-- Test2 -->
  <testcase name="Test2" time="0.001" classname="Testpackage.MyTest">
    <skipped/>
  </testcase> <!-- Test2 -->
  <testcase name="Test2" time="0.003" classname="Testpackage.MyTest">
    <failure type="java.lang.AssertionError" message="expected [true] but found [false]">
      <![CDATA[java.lang.AssertionError: expected [true] but found [false]
at Testpackage.MyTest.Test2(MyTest.java:19)
... Removed 31 stack frames]]>
    </failure>
  </testcase> <!-- Test2 -->
</testsuite> <!-- Test -->
