<?xml version="1.0" encoding="UTF-8"?>
<!-- Generated by org.testng.reporters.JUnitXMLReporter -->
<testsuite hostname="LAPTOP-3F8AKDPU" ignored="0" name="ListenerTest" tests="8" failures="2" timestamp="25 Nov 2019 10:14:00 GMT" time="0.146" errors="0">
  <testcase name="f1" time="0.024" classname="Testpackage.NewTest">
    <skipped/>
  </testcase> <!-- f1 -->
  <testcase name="f1" time="0.004" classname="Testpackage.NewTest">
    <skipped/>
  </testcase> <!-- f1 -->
  <testcase name="f1" time="0.004" classname="Testpackage.NewTest">
    <skipped/>
  </testcase> <!-- f1 -->
  <testcase name="f1" time="0.002" classname="Testpackage.NewTest">
    <failure type="java.lang.AssertionError" message="expected [true] but found [false]">
      <![CDATA[java.lang.AssertionError: expected [true] but found [false]
at Testpackage.NewTest.f1(NewTest.java:10)
... Removed 31 stack frames]]>
    </failure>
  </testcase> <!-- f1 -->
  <testcase name="f2" time="0.002" classname="Testpackage.NewTest">
    <skipped/>
  </testcase> <!-- f2 -->
  <testcase name="f2" time="0.002" classname="Testpackage.NewTest">
    <skipped/>
  </testcase> <!-- f2 -->
  <testcase name="f2" time="0.001" classname="Testpackage.NewTest">
    <skipped/>
  </testcase> <!-- f2 -->
  <testcase name="f2" time="0.0" classname="Testpackage.NewTest">
    <failure type="java.lang.AssertionError" message="expected [true] but found [false]">
      <![CDATA[java.lang.AssertionError: expected [true] but found [false]
at Testpackage.NewTest.f2(NewTest.java:16)
... Removed 31 stack frames]]>
    </failure>
  </testcase> <!-- f2 -->
</testsuite> <!-- ListenerTest -->
