<?xml version="1.0" encoding="UTF-8"?>
<!-- Generated by org.testng.reporters.JUnitXMLReporter -->
<testsuite hostname="LAPTOP-3F8AKDPU" ignored="0" name="RetryLogicTest" tests="5" failures="1" timestamp="24 Nov 2019 15:51:12 GMT" time="0.141" errors="0">
  <testcase name="Test1" time="0.026" classname="Testpackage.MyTest">
    <skipped/>
  </testcase> <!-- Test1 -->
  <testcase name="Test1" time="0.002" classname="Testpackage.MyTest">
    <skipped/>
  </testcase> <!-- Test1 -->
  <testcase name="Test1" time="0.0" classname="Testpackage.MyTest">
    <skipped/>
  </testcase> <!-- Test1 -->
  <testcase name="Test1" time="0.005" classname="Testpackage.MyTest">
    <failure type="java.lang.AssertionError" message="expected [true] but found [false]">
      <![CDATA[java.lang.AssertionError: expected [true] but found [false]
at Testpackage.MyTest.Test1(MyTest.java:12)
... Removed 31 stack frames]]>
    </failure>
  </testcase> <!-- Test1 -->
  <testcase name="Test2" time="0.0" classname="Testpackage.MyTest"/>
</testsuite> <!-- RetryLogicTest -->
